#
# A fatal error has been detected by the Java Runtime Environment:
#
#  SIGSEGV (0xb) at pc=0x00000001102462c8, pid=26929, tid=19459
#
# JRE version: Java(TM) SE Runtime Environment (8.0_77-b03) (build 1.8.0_77-b03)
# Java VM: Java HotSpot(TM) 64-Bit Server VM (25.77-b03 mixed mode bsd-amd64 compressed oops)
# Problematic frame:
# V  [libjvm.dylib+0x4462c8]  Method::checked_resolve_jmethod_id(_jmethodID*)+0xe
#
# Failed to write core dump. Core dumps have been disabled. To enable core dumping, try "ulimit -c unlimited" before starting Java again
#
# If you would like to submit a bug report, please visit:
#   http://bugreport.java.com/bugreport/crash.jsp
#

---------------  T H R E A D  ---------------

Current thread (0x00007fa6c1045000):  JavaThread "JDWP Transport Listener: dt_socket" daemon [_thread_in_vm, id=19459, stack(0x0000700000fca000,0x00007000010ca000)]

siginfo: si_signo: 11 (SIGSEGV), si_code: 0 (unknown), si_addr: 0x0000000000000000

Registers:
RAX=0x0000000000000001, RBX=0x00007000010c9a8b, RCX=0x0000000110615340, RDX=0x00007000010c9a8b
RSP=0x00007000010c99d0, RBP=0x00007000010c99e0, RSI=0x00007fa6c1045000, RDI=0x000207fa6c04540d
R8 =0x0000000000000001, R9 =0x00007fa6c045e070, R10=0x00000000df0101bb, R11=0x00007fa6c0400000
R12=0x00007fa6c1045000, R13=0x000207fa6c04540d, R14=0x000207fa6c04540d, R15=0x00007fa6c050cec0
RIP=0x00000001102462c8, EFLAGS=0x0000000000010202, ERR=0x0000000000000000
  TRAPNO=0x000000000000000d

Top of Stack: (sp=0x00007000010c99d0)
0x00007000010c99d0:   00007000010c9a8b 00007000010c9a8b
0x00007000010c99e0:   00007000010c9a40 00000001101552fe
0x00007000010c99f0:   00007fa6c1045000 0000000000000000
0x00007000010c9a00:   0000000000000000 0000000000000000
0x00007000010c9a10:   00007fa6c1045000 00007fa6c1045000
0x00007000010c9a20:   00007000010c9a8b 00007000010c9a90
0x00007000010c9a30:   000207fa6c04540d 0000000000000003
0x00007000010c9a40:   00007000010c9a60 0000000110de4780
0x00007000010c9a50:   0000000000000001 00007000010c9b08
0x00007000010c9a60:   00007000010c9ad0 0000000110dc91f3
0x00007000010c9a70:   00007000010c9aa0 00007fa6c0449b20
0x00007000010c9a80:   0000000400000032 0000000a000c9b08
0x00007000010c9a90:   0000000000000000 0000000000000000
0x00007000010c9aa0:   0000000000000000 00007000010c9c90
0x00007000010c9ab0:   0000000110debe7a 00007fa6c071e380
0x00007000010c9ac0:   00007000010c9b08 0000000110df7598
0x00007000010c9ad0:   00007000010c9ae0 0000000110dc92ec
0x00007000010c9ae0:   00007000010c9d00 0000000110dd2898
0x00007000010c9af0:   0000997100000013 00000000000f0200
0x00007000010c9b00:   00007fa6c0769500 00007fa6c045e5a4
0x00007000010c9b10:   00007fa600000254 00007fa6c0454050
0x00007000010c9b20:   000000000000012c 00007000010c9b58
0x00007000010c9b30:   00007fa6c0454050 0000000000000000
0x00007000010c9b40:   0000997100000013 00007fff0000bc80
0x00007000010c9b50:   00007000010c9b58 a67f000004000000
0x00007000010c9b60:   0c000000e87976c0 7453657461657263
0x00007000010c9b70:   3700000073656c79 70612f67726f4c28
0x00007000010c9b80:   696f702f65686361 726573752f73732f
0x00007000010c9b90:   6f572f6c65646f6d 293b6b6f6f626b72
0x00007000010c9ba0:   74752f6176616a4c 003b70614d2f6c69
0x00007000010c9bb0:   67726f4c28720000 2f6568636170612f
0x00007000010c9bc0:   752f73732f696f70 6c65646f6d726573 

Instructions: (pc=0x00000001102462c8)
0x00000001102462a8:   40 48 48 85 c0 75 e0 30 c0 0f b6 c0 5d c3 31 c0
0x00000001102462b8:   5d c3 55 48 89 e5 53 48 83 ec 08 48 85 ff 74 24
0x00000001102462c8:   48 8b 1f 48 85 db 74 1c 48 83 fb 37 74 16 48 8b
0x00000001102462d8:   03 48 89 df ff 50 10 84 c0 b8 00 00 00 00 48 0f 

Register to memory mapping:

RAX=0x0000000000000001 is an unknown value
RBX=0x00007000010c9a8b is pointing into the stack for thread: 0x00007fa6c1045000
RCX=0x0000000110615340: UseMembar+0 in /Library/Java/JavaVirtualMachines/jdk1.8.0_77.jdk/Contents/Home/jre/lib/server/libjvm.dylib at 0x000000010fe00000
RDX=0x00007000010c9a8b is pointing into the stack for thread: 0x00007fa6c1045000
RSP=0x00007000010c99d0 is pointing into the stack for thread: 0x00007fa6c1045000
RBP=0x00007000010c99e0 is pointing into the stack for thread: 0x00007fa6c1045000
RSI=0x00007fa6c1045000 is a thread
RDI=0x000207fa6c04540d is an unknown value
R8 =0x0000000000000001 is an unknown value
R9 =0x00007fa6c045e070 is an unknown value
R10=0x00000000df0101bb is an unknown value
R11=0x00007fa6c0400000 is an unknown value
R12=0x00007fa6c1045000 is a thread
R13=0x000207fa6c04540d is an unknown value
R14=0x000207fa6c04540d is an unknown value
R15=0x00007fa6c050cec0 is an unknown value


Stack: [0x0000700000fca000,0x00007000010ca000],  sp=0x00007000010c99d0,  free space=1022k
Native frames: (J=compiled Java code, j=interpreted, Vv=VM code, C=native code)
V  [libjvm.dylib+0x4462c8]  Method::checked_resolve_jmethod_id(_jmethodID*)+0xe
V  [libjvm.dylib+0x3552fe]  jvmti_IsMethodSynthetic+0xb2
C  [libjdwp.dylib+0x20780]  isMethodSynthetic+0x63
C  [libjdwp.dylib+0x51f3]  methods1+0x10b
C  [libjdwp.dylib+0x52ec]  methodsWithGeneric+0xe
C  [libjdwp.dylib+0xe898]  debugLoop_run+0x1ce
C  [libjdwp.dylib+0x1f6ba]  attachThread+0x4d
V  [libjvm.dylib+0x39665c]  JvmtiAgentThread::call_start_function()+0x38
V  [libjvm.dylib+0x560e03]  JavaThread::thread_main_inner()+0x9b
V  [libjvm.dylib+0x5624fe]  JavaThread::run()+0x1c2
V  [libjvm.dylib+0x482eda]  java_start(Thread*)+0xf6
C  [libsystem_pthread.dylib+0x399d]  _pthread_body+0x83
C  [libsystem_pthread.dylib+0x391a]  _pthread_body+0x0
C  [libsystem_pthread.dylib+0x1351]  thread_start+0xd
C  0x0000000000000000


---------------  P R O C E S S  ---------------

Java Threads: ( => current thread )
  0x00007fa6c301b800 JavaThread "Service Thread" daemon [_thread_blocked, id=23043, stack(0x00007000016df000,0x00007000017df000)]
  0x00007fa6c1045800 JavaThread "C1 CompilerThread3" daemon [_thread_blocked, id=22531, stack(0x00007000015dc000,0x00007000016dc000)]
  0x00007fa6c3011000 JavaThread "C2 CompilerThread2" daemon [_thread_blocked, id=22019, stack(0x00007000014d9000,0x00007000015d9000)]
  0x00007fa6c080c000 JavaThread "C2 CompilerThread1" daemon [_thread_blocked, id=21507, stack(0x00007000013d6000,0x00007000014d6000)]
  0x00007fa6c080b000 JavaThread "C2 CompilerThread0" daemon [_thread_blocked, id=20995, stack(0x00007000012d3000,0x00007000013d3000)]
  0x00007fa6c3010000 JavaThread "JDWP Command Reader" daemon [_thread_in_native, id=20483, stack(0x00007000011d0000,0x00007000012d0000)]
  0x00007fa6c103a000 JavaThread "JDWP Event Helper Thread" daemon [_thread_blocked, id=19971, stack(0x00007000010cd000,0x00007000011cd000)]
=>0x00007fa6c1045000 JavaThread "JDWP Transport Listener: dt_socket" daemon [_thread_in_vm, id=19459, stack(0x0000700000fca000,0x00007000010ca000)]
  0x00007fa6c1040000 JavaThread "Signal Dispatcher" daemon [_thread_blocked, id=18707, stack(0x0000700000ec7000,0x0000700000fc7000)]
  0x00007fa6c1037800 JavaThread "Finalizer" daemon [_thread_blocked, id=14339, stack(0x0000700000c3b000,0x0000700000d3b000)]
  0x00007fa6c1035000 JavaThread "Reference Handler" daemon [_thread_blocked, id=13827, stack(0x0000700000b38000,0x0000700000c38000)]
  0x00007fa6c100b800 JavaThread "main" [_thread_blocked, id=5891, stack(0x000070000011a000,0x000070000021a000)]

Other Threads:
  0x00007fa6c3803800 VMThread [stack: 0x0000700000a35000,0x0000700000b35000] [id=13315]
  0x00007fa6c301c800 WatcherThread [stack: 0x00007000017e2000,0x00007000018e2000] [id=23555]

VM state:not at safepoint (normal execution)

VM Mutex/Monitor currently owned by a thread: None

Heap:
 PSYoungGen      total 76288K, used 28897K [0x000000076ab00000, 0x0000000770000000, 0x00000007c0000000)
  eden space 65536K, 44% used [0x000000076ab00000,0x000000076c7387b8,0x000000076eb00000)
  from space 10752K, 0% used [0x000000076f580000,0x000000076f580000,0x0000000770000000)
  to   space 10752K, 0% used [0x000000076eb00000,0x000000076eb00000,0x000000076f580000)
 ParOldGen       total 175104K, used 0K [0x00000006c0000000, 0x00000006cab00000, 0x000000076ab00000)
  object space 175104K, 0% used [0x00000006c0000000,0x00000006c0000000,0x00000006cab00000)
 Metaspace       used 10098K, capacity 10158K, committed 10240K, reserved 1058816K
  class space    used 1196K, capacity 1230K, committed 1280K, reserved 1048576K

Card table byte_map: [0x00000001201cf000,0x00000001209d0000] byte_map_base: 0x000000011cbcf000

Marking Bits: (ParMarkBitMap*) 0x00000001106e3ea0
 Begin Bits: [0x0000000120f26000, 0x0000000124f26000)
 End Bits:   [0x0000000124f26000, 0x0000000128f26000)

Polling page: 0x000000010edd1000

CodeCache: size=245760Kb used=1683Kb max_used=1683Kb free=244077Kb
 bounds [0x0000000110e0f000, 0x000000011107f000, 0x000000011fe0f000]
 total_blobs=560 nmethods=234 adapters=248
 compilation: enabled

Compilation events (10 events):
Event: 144.096 Thread 0x00007fa6c1045800  228       3       java.lang.ref.FinalReference::<init> (7 bytes)
Event: 144.096 Thread 0x00007fa6c1045800 nmethod 228 0x0000000110fa7250 code [0x0000000110fa73c0, 0x0000000110fa7670]
Event: 144.096 Thread 0x00007fa6c1045800  229   !   3       java.lang.ref.Finalizer::add (41 bytes)
Event: 144.096 Thread 0x00007fa6c1045800 nmethod 229 0x0000000110fa6bd0 code [0x0000000110fa6d40, 0x0000000110fa7110]
Event: 144.096 Thread 0x00007fa6c1045800  225       3       java.io.File::<init> (113 bytes)
Event: 144.097 Thread 0x00007fa6c1045800 nmethod 225 0x0000000110fb3d10 code [0x0000000110fb3f60, 0x0000000110fb49f8]
Event: 148.029 Thread 0x00007fa6c1045800  233       3       org.apache.xmlbeans.impl.store.Xobj::isElem (14 bytes)
Event: 148.029 Thread 0x00007fa6c1045800 nmethod 233 0x0000000110fa6710 code [0x0000000110fa6880, 0x0000000110fa6b10]
Event: 153.777 Thread 0x00007fa6c1045800  234       1       org.apache.xmlbeans.impl.store.Xobj::get_locale (5 bytes)
Event: 153.777 Thread 0x00007fa6c1045800 nmethod 234 0x0000000110fa6450 code [0x0000000110fa65a0, 0x0000000110fa66b0]

GC Heap History (0 events):
No events

Deoptimization events (0 events):
No events

Internal exceptions (10 events):
Event: 9.640 Thread 0x00007fa6c100b800 Exception <a 'java/security/PrivilegedActionException'> (0x000000076b91aeb0) thrown at [/Users/java_re/workspace/8-2-build-macosx-x86_64/jdk8u77/6540/hotspot/src/share/vm/prims/jvm.cpp, line 1386]
Event: 9.640 Thread 0x00007fa6c100b800 Exception <a 'java/security/PrivilegedActionException'> (0x000000076b91b2a8) thrown at [/Users/java_re/workspace/8-2-build-macosx-x86_64/jdk8u77/6540/hotspot/src/share/vm/prims/jvm.cpp, line 1386]
Event: 9.646 Thread 0x00007fa6c100b800 Exception <a 'java/security/PrivilegedActionException'> (0x000000076b92c150) thrown at [/Users/java_re/workspace/8-2-build-macosx-x86_64/jdk8u77/6540/hotspot/src/share/vm/prims/jvm.cpp, line 1386]
Event: 9.646 Thread 0x00007fa6c100b800 Exception <a 'java/security/PrivilegedActionException'> (0x000000076b92c548) thrown at [/Users/java_re/workspace/8-2-build-macosx-x86_64/jdk8u77/6540/hotspot/src/share/vm/prims/jvm.cpp, line 1386]
Event: 9.647 Thread 0x00007fa6c100b800 Exception <a 'java/security/PrivilegedActionException'> (0x000000076b931090) thrown at [/Users/java_re/workspace/8-2-build-macosx-x86_64/jdk8u77/6540/hotspot/src/share/vm/prims/jvm.cpp, line 1386]
Event: 9.647 Thread 0x00007fa6c100b800 Exception <a 'java/security/PrivilegedActionException'> (0x000000076b931488) thrown at [/Users/java_re/workspace/8-2-build-macosx-x86_64/jdk8u77/6540/hotspot/src/share/vm/prims/jvm.cpp, line 1386]
Event: 9.649 Thread 0x00007fa6c100b800 Exception <a 'java/security/PrivilegedActionException'> (0x000000076b936220) thrown at [/Users/java_re/workspace/8-2-build-macosx-x86_64/jdk8u77/6540/hotspot/src/share/vm/prims/jvm.cpp, line 1386]
Event: 9.649 Thread 0x00007fa6c100b800 Exception <a 'java/security/PrivilegedActionException'> (0x000000076b936618) thrown at [/Users/java_re/workspace/8-2-build-macosx-x86_64/jdk8u77/6540/hotspot/src/share/vm/prims/jvm.cpp, line 1386]
Event: 9.650 Thread 0x00007fa6c100b800 Exception <a 'java/security/PrivilegedActionException'> (0x000000076b93b2d8) thrown at [/Users/java_re/workspace/8-2-build-macosx-x86_64/jdk8u77/6540/hotspot/src/share/vm/prims/jvm.cpp, line 1386]
Event: 9.650 Thread 0x00007fa6c100b800 Exception <a 'java/security/PrivilegedActionException'> (0x000000076b93b6d0) thrown at [/Users/java_re/workspace/8-2-build-macosx-x86_64/jdk8u77/6540/hotspot/src/share/vm/prims/jvm.cpp, line 1386]

Events (10 events):
Event: 3421.772 Executing VM operation: EnterInterpOnlyMode
Event: 3421.772 Executing VM operation: EnterInterpOnlyMode done
Event: 3421.772 Executing VM operation: GetCurrentLocation
Event: 3421.772 Executing VM operation: GetCurrentLocation done
Event: 3421.772 Executing VM operation: ChangeSingleStep
Event: 3421.772 Executing VM operation: ChangeSingleStep done
Event: 3421.772 Executing VM operation: ChangeSingleStep
Event: 3421.772 Executing VM operation: ChangeSingleStep done
Event: 3456.051 Executing VM operation: RedefineClasses
Event: 3456.052 Executing VM operation: RedefineClasses done


Dynamic libraries:
0x000000000393e000 	/System/Library/Frameworks/Cocoa.framework/Versions/A/Cocoa
0x000000000393e000 	/System/Library/Frameworks/Security.framework/Versions/A/Security
0x000000000393e000 	/System/Library/Frameworks/ApplicationServices.framework/Versions/A/ApplicationServices
0x000000000393e000 	/usr/lib/libz.1.dylib
0x000000000393e000 	/usr/lib/libSystem.B.dylib
0x000000000393e000 	/usr/lib/libobjc.A.dylib
0x000000000393e000 	/System/Library/Frameworks/CoreFoundation.framework/Versions/A/CoreFoundation
0x000000000393e000 	/System/Library/Frameworks/Foundation.framework/Versions/C/Foundation
0x000000000393e000 	/System/Library/Frameworks/AppKit.framework/Versions/C/AppKit
0x000000000393e000 	/System/Library/Frameworks/CoreData.framework/Versions/A/CoreData
0x000000000393e000 	/System/Library/PrivateFrameworks/RemoteViewServices.framework/Versions/A/RemoteViewServices
0x000000000393e000 	/System/Library/PrivateFrameworks/UIFoundation.framework/Versions/A/UIFoundation
0x000000000393e000 	/usr/lib/libScreenReader.dylib
0x000000000393e000 	/System/Library/Frameworks/Accelerate.framework/Versions/A/Accelerate
0x000000000393e000 	/System/Library/Frameworks/IOSurface.framework/Versions/A/IOSurface
0x000000000393e000 	/System/Library/Frameworks/AudioToolbox.framework/Versions/A/AudioToolbox
0x000000000393e000 	/System/Library/Frameworks/AudioUnit.framework/Versions/A/AudioUnit
0x000000000393e000 	/System/Library/PrivateFrameworks/DataDetectorsCore.framework/Versions/A/DataDetectorsCore
0x000000000393e000 	/System/Library/PrivateFrameworks/DesktopServicesPriv.framework/Versions/A/DesktopServicesPriv
0x000000000393e000 	/System/Library/Frameworks/Carbon.framework/Versions/A/Frameworks/HIToolbox.framework/Versions/A/HIToolbox
0x000000000393e000 	/System/Library/Frameworks/QuartzCore.framework/Versions/A/QuartzCore
0x000000000393e000 	/System/Library/Frameworks/Carbon.framework/Versions/A/Frameworks/SpeechRecognition.framework/Versions/A/SpeechRecognition
0x000000000393e000 	/usr/lib/libauto.dylib
0x000000000393e000 	/usr/lib/libicucore.A.dylib
0x000000000393e000 	/usr/lib/libxml2.2.dylib
0x000000000393e000 	/System/Library/PrivateFrameworks/CoreUI.framework/Versions/A/CoreUI
0x000000000393e000 	/System/Library/Frameworks/CoreAudio.framework/Versions/A/CoreAudio
0x000000000393e000 	/System/Library/Frameworks/DiskArbitration.framework/Versions/A/DiskArbitration
0x000000000393e000 	/usr/lib/liblangid.dylib
0x000000000393e000 	/System/Library/PrivateFrameworks/MultitouchSupport.framework/Versions/A/MultitouchSupport
0x000000000393e000 	/System/Library/Frameworks/IOKit.framework/Versions/A/IOKit
0x000000000393e000 	/usr/lib/libDiagnosticMessagesClient.dylib
0x000000000393e000 	/System/Library/Frameworks/CoreServices.framework/Versions/A/CoreServices
0x000000000393e000 	/System/Library/PrivateFrameworks/PerformanceAnalysis.framework/Versions/A/PerformanceAnalysis
0x000000000393e000 	/System/Library/PrivateFrameworks/GenerationalStorage.framework/Versions/A/GenerationalStorage
0x000000000393e000 	/System/Library/Frameworks/OpenGL.framework/Versions/A/OpenGL
0x000000000393e000 	/System/Library/PrivateFrameworks/Sharing.framework/Versions/A/Sharing
0x000000000393e000 	/System/Library/Frameworks/CoreGraphics.framework/Versions/A/CoreGraphics
0x000000000393e000 	/System/Library/Frameworks/CoreImage.framework/Versions/A/CoreImage
0x000000000393e000 	/System/Library/Frameworks/CoreText.framework/Versions/A/CoreText
0x000000000393e000 	/System/Library/Frameworks/ImageIO.framework/Versions/A/ImageIO
0x000000000393e000 	/System/Library/PrivateFrameworks/Backup.framework/Versions/A/Backup
0x000000000393e000 	/usr/lib/libextension.dylib
0x000000000393e000 	/usr/lib/libarchive.2.dylib
0x000000000393e000 	/System/Library/Frameworks/CFNetwork.framework/Versions/A/CFNetwork
0x000000000393e000 	/System/Library/Frameworks/SystemConfiguration.framework/Versions/A/SystemConfiguration
0x000000000393e000 	/usr/lib/libCRFSuite.dylib
0x000000000393e000 	/usr/lib/libc++.1.dylib
0x000000000393e000 	/usr/lib/libc++abi.dylib
0x000000000393e000 	/usr/lib/system/libcache.dylib
0x000000000393e000 	/usr/lib/system/libcommonCrypto.dylib
0x000000000393e000 	/usr/lib/system/libcompiler_rt.dylib
0x000000000393e000 	/usr/lib/system/libcopyfile.dylib
0x000000000393e000 	/usr/lib/system/libcorecrypto.dylib
0x000000000393e000 	/usr/lib/system/libdispatch.dylib
0x000000000393e000 	/usr/lib/system/libdyld.dylib
0x000000000393e000 	/usr/lib/system/libkeymgr.dylib
0x000000000393e000 	/usr/lib/system/liblaunch.dylib
0x000000000393e000 	/usr/lib/system/libmacho.dylib
0x000000000393e000 	/usr/lib/system/libquarantine.dylib
0x000000000393e000 	/usr/lib/system/libremovefile.dylib
0x000000000393e000 	/usr/lib/system/libsystem_asl.dylib
0x000000000393e000 	/usr/lib/system/libsystem_blocks.dylib
0x000000000393e000 	/usr/lib/system/libsystem_c.dylib
0x000000000393e000 	/usr/lib/system/libsystem_configuration.dylib
0x000000000393e000 	/usr/lib/system/libsystem_coreservices.dylib
0x000000000393e000 	/usr/lib/system/libsystem_coretls.dylib
0x000000000393e000 	/usr/lib/system/libsystem_dnssd.dylib
0x000000000393e000 	/usr/lib/system/libsystem_info.dylib
0x000000000393e000 	/usr/lib/system/libsystem_kernel.dylib
0x000000000393e000 	/usr/lib/system/libsystem_m.dylib
0x000000000393e000 	/usr/lib/system/libsystem_malloc.dylib
0x000000000393e000 	/usr/lib/system/libsystem_network.dylib
0x000000000393e000 	/usr/lib/system/libsystem_networkextension.dylib
0x000000000393e000 	/usr/lib/system/libsystem_notify.dylib
0x000000000393e000 	/usr/lib/system/libsystem_platform.dylib
0x000000000393e000 	/usr/lib/system/libsystem_pthread.dylib
0x000000000393e000 	/usr/lib/system/libsystem_sandbox.dylib
0x000000000393e000 	/usr/lib/system/libsystem_secinit.dylib
0x000000000393e000 	/usr/lib/system/libsystem_trace.dylib
0x000000000393e000 	/usr/lib/system/libunc.dylib
0x000000000393e000 	/usr/lib/system/libunwind.dylib
0x000000000393e000 	/usr/lib/system/libxpc.dylib
0x000000000393e000 	/usr/lib/libenergytrace.dylib
0x000000000393e000 	/usr/lib/libbsm.0.dylib
0x000000000393e000 	/usr/lib/system/libkxld.dylib
0x000000000393e000 	/usr/lib/libxar.1.dylib
0x000000000393e000 	/usr/lib/libsqlite3.dylib
0x000000000393e000 	/usr/lib/libpam.2.dylib
0x000000000393e000 	/usr/lib/libOpenScriptingUtil.dylib
0x000000000393e000 	/usr/lib/libbz2.1.0.dylib
0x000000000393e000 	/usr/lib/liblzma.5.dylib
0x000000000393e000 	/System/Library/Frameworks/CoreServices.framework/Versions/A/Frameworks/FSEvents.framework/Versions/A/FSEvents
0x000000000393e000 	/System/Library/Frameworks/CoreServices.framework/Versions/A/Frameworks/CarbonCore.framework/Versions/A/CarbonCore
0x000000000393e000 	/System/Library/Frameworks/CoreServices.framework/Versions/A/Frameworks/Metadata.framework/Versions/A/Metadata
0x000000000393e000 	/System/Library/Frameworks/CoreServices.framework/Versions/A/Frameworks/OSServices.framework/Versions/A/OSServices
0x000000000393e000 	/System/Library/Frameworks/CoreServices.framework/Versions/A/Frameworks/SearchKit.framework/Versions/A/SearchKit
0x000000000393e000 	/System/Library/Frameworks/CoreServices.framework/Versions/A/Frameworks/AE.framework/Versions/A/AE
0x000000000393e000 	/System/Library/Frameworks/CoreServices.framework/Versions/A/Frameworks/LaunchServices.framework/Versions/A/LaunchServices
0x000000000393e000 	/System/Library/Frameworks/CoreServices.framework/Versions/A/Frameworks/DictionaryServices.framework/Versions/A/DictionaryServices
0x000000000393e000 	/System/Library/Frameworks/CoreServices.framework/Versions/A/Frameworks/SharedFileList.framework/Versions/A/SharedFileList
0x000000000393e000 	/System/Library/Frameworks/NetFS.framework/Versions/A/NetFS
0x000000000393e000 	/System/Library/PrivateFrameworks/NetAuth.framework/Versions/A/NetAuth
0x000000000393e000 	/System/Library/PrivateFrameworks/login.framework/Versions/A/Frameworks/loginsupport.framework/Versions/A/loginsupport
0x000000000393e000 	/System/Library/PrivateFrameworks/TCC.framework/Versions/A/TCC
0x000000000393e000 	/usr/lib/libmecabra.dylib
0x000000000393e000 	/System/Library/Frameworks/ApplicationServices.framework/Versions/A/Frameworks/ATS.framework/Versions/A/ATS
0x000000000393e000 	/System/Library/Frameworks/ApplicationServices.framework/Versions/A/Frameworks/ColorSync.framework/Versions/A/ColorSync
0x000000000393e000 	/System/Library/Frameworks/ApplicationServices.framework/Versions/A/Frameworks/HIServices.framework/Versions/A/HIServices
0x000000000393e000 	/System/Library/Frameworks/ApplicationServices.framework/Versions/A/Frameworks/LangAnalysis.framework/Versions/A/LangAnalysis
0x000000000393e000 	/System/Library/Frameworks/ApplicationServices.framework/Versions/A/Frameworks/PrintCore.framework/Versions/A/PrintCore
0x000000000393e000 	/System/Library/Frameworks/ApplicationServices.framework/Versions/A/Frameworks/QD.framework/Versions/A/QD
0x000000000393e000 	/System/Library/Frameworks/ApplicationServices.framework/Versions/A/Frameworks/SpeechSynthesis.framework/Versions/A/SpeechSynthesis
0x000000000393e000 	/System/Library/Frameworks/Metal.framework/Versions/A/Metal
0x000000000393e000 	/System/Library/Frameworks/Accelerate.framework/Versions/A/Frameworks/vImage.framework/Versions/A/vImage
0x000000000393e000 	/System/Library/Frameworks/Accelerate.framework/Versions/A/Frameworks/vecLib.framework/Versions/A/vecLib
0x000000000393e000 	/System/Library/Frameworks/Accelerate.framework/Versions/A/Frameworks/vecLib.framework/Versions/A/libvDSP.dylib
0x000000000393e000 	/System/Library/Frameworks/Accelerate.framework/Versions/A/Frameworks/vecLib.framework/Versions/A/libvMisc.dylib
0x000000000393e000 	/System/Library/Frameworks/Accelerate.framework/Versions/A/Frameworks/vecLib.framework/Versions/A/libLAPACK.dylib
0x000000000393e000 	/System/Library/Frameworks/Accelerate.framework/Versions/A/Frameworks/vecLib.framework/Versions/A/libBLAS.dylib
0x000000000393e000 	/System/Library/Frameworks/Accelerate.framework/Versions/A/Frameworks/vecLib.framework/Versions/A/libLinearAlgebra.dylib
0x000000000393e000 	/System/Library/Frameworks/Accelerate.framework/Versions/A/Frameworks/vecLib.framework/Versions/A/libSparseBLAS.dylib
0x000000000393e000 	/System/Library/PrivateFrameworks/GPUCompiler.framework/libmetal_timestamp.dylib
0x000000000393e000 	/System/Library/Frameworks/OpenGL.framework/Versions/A/Libraries/libCoreFSCache.dylib
0x000000000393e000 	/System/Library/PrivateFrameworks/IOAccelerator.framework/Versions/A/IOAccelerator
0x000000000393e000 	/System/Library/Frameworks/ApplicationServices.framework/Versions/A/Frameworks/ATS.framework/Versions/A/Resources/libFontParser.dylib
0x000000000393e000 	/System/Library/Frameworks/ApplicationServices.framework/Versions/A/Frameworks/ATS.framework/Versions/A/Resources/libFontRegistry.dylib
0x000000000393e000 	/System/Library/PrivateFrameworks/AppleVPA.framework/Versions/A/AppleVPA
0x000000000393e000 	/System/Library/PrivateFrameworks/AppleJPEG.framework/Versions/A/AppleJPEG
0x000000000393e000 	/System/Library/Frameworks/ImageIO.framework/Versions/A/Resources/libJPEG.dylib
0x000000000393e000 	/System/Library/Frameworks/ImageIO.framework/Versions/A/Resources/libTIFF.dylib
0x000000000393e000 	/System/Library/Frameworks/ImageIO.framework/Versions/A/Resources/libPng.dylib
0x000000000393e000 	/System/Library/Frameworks/ImageIO.framework/Versions/A/Resources/libGIF.dylib
0x000000000393e000 	/System/Library/Frameworks/ImageIO.framework/Versions/A/Resources/libJP2.dylib
0x000000000393e000 	/System/Library/Frameworks/ImageIO.framework/Versions/A/Resources/libRadiance.dylib
0x000000000393e000 	/System/Library/Frameworks/CoreVideo.framework/Versions/A/CoreVideo
0x000000000393e000 	/System/Library/Frameworks/OpenGL.framework/Versions/A/Libraries/libGLU.dylib
0x000000000393e000 	/System/Library/Frameworks/OpenGL.framework/Versions/A/Libraries/libGFXShared.dylib
0x000000000393e000 	/System/Library/Frameworks/OpenGL.framework/Versions/A/Libraries/libGL.dylib
0x000000000393e000 	/System/Library/Frameworks/OpenGL.framework/Versions/A/Libraries/libGLImage.dylib
0x000000000393e000 	/System/Library/Frameworks/OpenGL.framework/Versions/A/Libraries/libCVMSPluginSupport.dylib
0x000000000393e000 	/System/Library/Frameworks/OpenGL.framework/Versions/A/Libraries/libCoreVMClient.dylib
0x000000000393e000 	/usr/lib/libcups.2.dylib
0x000000000393e000 	/System/Library/Frameworks/Kerberos.framework/Versions/A/Kerberos
0x000000000393e000 	/System/Library/Frameworks/GSS.framework/Versions/A/GSS
0x000000000393e000 	/usr/lib/libresolv.9.dylib
0x000000000393e000 	/usr/lib/libiconv.2.dylib
0x000000000393e000 	/System/Library/PrivateFrameworks/Heimdal.framework/Versions/A/Heimdal
0x000000000393e000 	/usr/lib/libheimdal-asn1.dylib
0x000000000393e000 	/System/Library/Frameworks/OpenDirectory.framework/Versions/A/OpenDirectory
0x000000000393e000 	/System/Library/PrivateFrameworks/CommonAuth.framework/Versions/A/CommonAuth
0x000000000393e000 	/System/Library/Frameworks/OpenDirectory.framework/Versions/A/Frameworks/CFOpenDirectory.framework/Versions/A/CFOpenDirectory
0x000000000393e000 	/System/Library/Frameworks/SecurityFoundation.framework/Versions/A/SecurityFoundation
0x000000000393e000 	/System/Library/PrivateFrameworks/LanguageModeling.framework/Versions/A/LanguageModeling
0x000000000393e000 	/usr/lib/libmarisa.dylib
0x000000000393e000 	/usr/lib/libChineseTokenizer.dylib
0x000000000393e000 	/usr/lib/libcmph.dylib
0x000000000393e000 	/usr/lib/libcompression.dylib
0x000000000393e000 	/System/Library/Frameworks/ServiceManagement.framework/Versions/A/ServiceManagement
0x000000000393e000 	/usr/lib/libxslt.1.dylib
0x000000000393e000 	/System/Library/Frameworks/Carbon.framework/Versions/A/Frameworks/Ink.framework/Versions/A/Ink
0x000000000393e000 	/usr/lib/libFosl_dynamic.dylib
0x000000000393e000 	/System/Library/PrivateFrameworks/FaceCore.framework/Versions/A/FaceCore
0x000000000393e000 	/System/Library/Frameworks/OpenCL.framework/Versions/A/OpenCL
0x000000000393e000 	/System/Library/PrivateFrameworks/CrashReporterSupport.framework/Versions/A/CrashReporterSupport
0x000000000393e000 	/System/Library/PrivateFrameworks/IconServices.framework/Versions/A/IconServices
0x000000000393e000 	/System/Library/PrivateFrameworks/Apple80211.framework/Versions/A/Apple80211
0x000000000393e000 	/System/Library/Frameworks/CoreWLAN.framework/Versions/A/CoreWLAN
0x000000000393e000 	/System/Library/Frameworks/IOBluetooth.framework/Versions/A/IOBluetooth
0x000000000393e000 	/System/Library/PrivateFrameworks/CoreWiFi.framework/Versions/A/CoreWiFi
0x000000000393e000 	/System/Library/Frameworks/CoreBluetooth.framework/Versions/A/CoreBluetooth
0x000000000393e000 	/System/Library/PrivateFrameworks/ChunkingLibrary.framework/Versions/A/ChunkingLibrary
0x000000000393e000 	/System/Library/PrivateFrameworks/DebugSymbols.framework/Versions/A/DebugSymbols
0x000000000393e000 	/System/Library/PrivateFrameworks/CoreSymbolication.framework/Versions/A/CoreSymbolication
0x000000000393e000 	/System/Library/PrivateFrameworks/Symbolication.framework/Versions/A/Symbolication
0x000000000393e000 	/System/Library/PrivateFrameworks/SpeechRecognitionCore.framework/Versions/A/SpeechRecognitionCore
0x000000010fe00000 	/Library/Java/JavaVirtualMachines/jdk1.8.0_77.jdk/Contents/Home/jre/lib/server/libjvm.dylib
0x000000000393e000 	/usr/lib/libstdc++.6.dylib
0x000000010edc3000 	/Library/Java/JavaVirtualMachines/jdk1.8.0_77.jdk/Contents/Home/jre/lib/libverify.dylib
0x0000000110d8f000 	/Library/Java/JavaVirtualMachines/jdk1.8.0_77.jdk/Contents/Home/jre/lib/libjava.dylib
0x0000000110dc4000 	/Library/Java/JavaVirtualMachines/jdk1.8.0_77.jdk/Contents/Home/jre/lib/libjdwp.dylib
0x000000010edd2000 	/Library/Java/JavaVirtualMachines/jdk1.8.0_77.jdk/Contents/Home/jre/lib/libnpt.dylib
0x000000010eddf000 	/Library/Java/JavaVirtualMachines/jdk1.8.0_77.jdk/Contents/Home/jre/lib/libzip.dylib
0x000000012bec4000 	/System/Library/Frameworks/JavaVM.framework/Frameworks/JavaRuntimeSupport.framework/JavaRuntimeSupport
0x000000010ede9000 	/System/Library/Frameworks/JavaVM.framework/Versions/A/Frameworks/JavaNativeFoundation.framework/Versions/A/JavaNativeFoundation
0x000000012bedf000 	/System/Library/Frameworks/JavaVM.framework/Versions/A/JavaVM
0x000000000393e000 	/System/Library/Frameworks/Carbon.framework/Versions/A/Carbon
0x000000012beec000 	/System/Library/PrivateFrameworks/JavaLaunching.framework/Versions/A/JavaLaunching
0x000000000393e000 	/System/Library/Frameworks/Carbon.framework/Versions/A/Frameworks/CommonPanels.framework/Versions/A/CommonPanels
0x000000000393e000 	/System/Library/Frameworks/Carbon.framework/Versions/A/Frameworks/Help.framework/Versions/A/Help
0x000000000393e000 	/System/Library/Frameworks/Carbon.framework/Versions/A/Frameworks/ImageCapture.framework/Versions/A/ImageCapture
0x000000000393e000 	/System/Library/Frameworks/Carbon.framework/Versions/A/Frameworks/OpenScripting.framework/Versions/A/OpenScripting
0x000000000393e000 	/System/Library/Frameworks/Carbon.framework/Versions/A/Frameworks/Print.framework/Versions/A/Print
0x000000000393e000 	/System/Library/Frameworks/Carbon.framework/Versions/A/Frameworks/SecurityHI.framework/Versions/A/SecurityHI
0x000000012d80c000 	/Library/Java/JavaVirtualMachines/jdk1.8.0_77.jdk/Contents/Home/jre/lib/libdt_socket.dylib

VM Arguments:
jvm_args: -agentlib:jdwp=transport=dt_socket,suspend=y,address=localhost:50431 -Dfile.encoding=UTF-8 
java_command: com.programmingfree.excelexamples.CreateExcelFile
java_class_path (initial): /workspace/SurveyReportExportToExcel/bin:/workspace/Trunk Server/lib/poi/poi-3.13-20150929.jar:/workspace/Trunk Server/lib/poi/poi-examples-3.13-20150929.jar:/workspace/Trunk Server/lib/poi/poi-excelant-3.13-20150929.jar:/workspace/Trunk Server/lib/poi/poi-ooxml-3.13-20150929.jar:/workspace/Trunk Server/lib/poi/poi-ooxml-schemas-3.13-20150929.jar:/workspace/Trunk Server/lib/poi/poi-scratchpad-3.13-20150929.jar:/workspace/Trunk Server/lib/poi/xmlbeans-2.6.0.jar:/workspace/SurveyReportExportToExcel/lib/json-20160212.jar:/workspace/SurveyReportExportToExcel/lib/json-simple-1.1.1.jar
Launcher Type: SUN_STANDARD

Environment Variables:
PATH=/usr/bin:/bin:/usr/sbin:/sbin
SHELL=/bin/bash

Signal Handlers:
SIGSEGV: [libjvm.dylib+0x5a6855], sa_mask[0]=11111111011111110111111111111111, sa_flags=SA_ONSTACK|SA_RESTART|SA_SIGINFO
SIGBUS: [libjvm.dylib+0x5a6855], sa_mask[0]=11111111011111110111111111111111, sa_flags=SA_RESTART|SA_SIGINFO
SIGFPE: [libjvm.dylib+0x4804ec], sa_mask[0]=11111111011111110111111111111111, sa_flags=SA_RESTART|SA_SIGINFO
SIGPIPE: [libjvm.dylib+0x4804ec], sa_mask[0]=11111111011111110111111111111111, sa_flags=SA_RESTART|SA_SIGINFO
SIGXFSZ: [libjvm.dylib+0x4804ec], sa_mask[0]=11111111011111110111111111111111, sa_flags=SA_RESTART|SA_SIGINFO
SIGILL: [libjvm.dylib+0x4804ec], sa_mask[0]=11111111011111110111111111111111, sa_flags=SA_RESTART|SA_SIGINFO
SIGUSR1: SIG_DFL, sa_mask[0]=00000000000000000000000000000000, sa_flags=none
SIGUSR2: [libjvm.dylib+0x48000a], sa_mask[0]=00100000000000000000000000000000, sa_flags=SA_RESTART|SA_SIGINFO
SIGHUP: [libjvm.dylib+0x47e5e1], sa_mask[0]=11111111011111110111111111111111, sa_flags=SA_RESTART|SA_SIGINFO
SIGINT: [libjvm.dylib+0x47e5e1], sa_mask[0]=11111111011111110111111111111111, sa_flags=SA_RESTART|SA_SIGINFO
SIGTERM: [libjvm.dylib+0x47e5e1], sa_mask[0]=11111111011111110111111111111111, sa_flags=SA_RESTART|SA_SIGINFO
SIGQUIT: [libjvm.dylib+0x47e5e1], sa_mask[0]=11111111011111110111111111111111, sa_flags=SA_RESTART|SA_SIGINFO


---------------  S Y S T E M  ---------------

OS:Bsduname:Darwin 15.4.0 Darwin Kernel Version 15.4.0: Fri Feb 26 22:08:05 PST 2016; root:xnu-3248.40.184~3/RELEASE_X86_64 x86_64
rlimit: STACK 8192k, CORE 0k, NPROC 709, NOFILE 10240, AS infinity
load average:2.22 1.93 2.17

CPU:total 8 (4 cores per cpu, 2 threads per core) family 6 model 70 stepping 1, cmov, cx8, fxsr, mmx, sse, sse2, sse3, ssse3, sse4.1, sse4.2, popcnt, avx, avx2, aes, clmul, erms, lzcnt, ht, tsc, tscinvbit, bmi1, bmi2

Memory: 4k page, physical 16777216k(1410088k free)

/proc/meminfo:


vm_info: Java HotSpot(TM) 64-Bit Server VM (25.77-b03) for bsd-amd64 JRE (1.8.0_77-b03), built on Mar 20 2016 22:14:03 by "java_re" with gcc 4.2.1 (Based on Apple Inc. build 5658) (LLVM build 2336.11.00)

time: Mon May 16 13:18:14 2016
elapsed time: 3456 seconds (0d 0h 57m 36s)

